<?xml version="1.0" encoding="UTF-8"?>
<!-- Generated by org.testng.reporters.JUnitXMLReporter -->
<testsuite ignored="0" hostname="DESKTOP-BUGKGO7" failures="0" tests="3" name="Default test" time="0.069" errors="0" timestamp="2026-04-10T22:04:00 IST">
  <testcase classname="TestOrg.ProjectOne.DataProviderClass" name="printData" time="0.011"/>
  <testcase classname="TestOrg.ProjectOne.DataProviderClass" name="printData" time="0.002"/>
  <testcase classname="TestOrg.ProjectOne.DataProviderClass" name="printData" time="0.001"/>
</testsuite> <!-- Default test -->
