<?xml version="1.0" encoding="UTF-8"?>
<testng-results ignored="0" total="3" passed="3" failed="0" skipped="0">
  <reporter-output>
  </reporter-output>
  <suite started-at="2026-04-10T22:04:00 IST" name="Default suite" finished-at="2026-04-10T22:04:00 IST" duration-ms="69">
    <groups>
    </groups>
    <test started-at="2026-04-10T22:04:00 IST" name="Default test" finished-at="2026-04-10T22:04:00 IST" duration-ms="69">
      <class name="TestOrg.ProjectOne.DataProviderClass">
        <test-method signature="printData(java.lang.String,java.lang.String)[pri:0, instance:TestOrg.ProjectOne.DataProviderClass@292b08d6]" started-at="2026-04-10T22:04:00 IST" name="printData" data-provider="getData" finished-at="2026-04-10T22:04:00 IST" duration-ms="11" status="PASS">
          <params>
            <param index="0">
              <value>
                <![CDATA[user one]]>
              </value>
            </param>
            <param index="1">
              <value>
                <![CDATA[password one]]>
              </value>
            </param>
          </params>
          <reporter-output>
          </reporter-output>
        </test-method> <!-- printData -->
        <test-method signature="printData(java.lang.String,java.lang.String)[pri:0, instance:TestOrg.ProjectOne.DataProviderClass@292b08d6]" started-at="2026-04-10T22:04:00 IST" name="printData" data-provider="getData" finished-at="2026-04-10T22:04:00 IST" duration-ms="2" status="PASS">
          <params>
            <param index="0">
              <value>
                <![CDATA[user two]]>
              </value>
            </param>
            <param index="1">
              <value>
                <![CDATA[password two]]>
              </value>
            </param>
          </params>
          <reporter-output>
          </reporter-output>
        </test-method> <!-- printData -->
        <test-method signature="printData(java.lang.String,java.lang.String)[pri:0, instance:TestOrg.ProjectOne.DataProviderClass@292b08d6]" started-at="2026-04-10T22:04:00 IST" name="printData" data-provider="getData" finished-at="2026-04-10T22:04:00 IST" duration-ms="1" status="PASS">
          <params>
            <param index="0">
              <value>
                <![CDATA[user three]]>
              </value>
            </param>
            <param index="1">
              <value>
                <![CDATA[password three]]>
              </value>
            </param>
          </params>
          <reporter-output>
          </reporter-output>
        </test-method> <!-- printData -->
      </class> <!-- TestOrg.ProjectOne.DataProviderClass -->
    </test> <!-- Default test -->
  </suite> <!-- Default suite -->
</testng-results>
