<?xml version="1.0" encoding="UTF-8"?>
<testng-results ignored="0" total="1" passed="1" failed="0" skipped="0">
  <reporter-output>
  </reporter-output>
  <suite started-at="2026-04-10T00:18:01 IST" name="Suite" finished-at="2026-04-10T00:18:01 IST" duration-ms="42">
    <groups>
    </groups>
    <test started-at="2026-04-10T00:18:01 IST" name="Test" finished-at="2026-04-10T00:18:01 IST" duration-ms="42">
      <class name="TestOrg.ProjectOne.AppTest">
        <test-method signature="shouldAnswerWithTrue()[pri:0, instance:TestOrg.ProjectOne.AppTest@57a3af25]" started-at="2026-04-10T00:18:01 IST" name="shouldAnswerWithTrue" finished-at="2026-04-10T00:18:01 IST" duration-ms="9" status="PASS">
          <reporter-output>
          </reporter-output>
        </test-method> <!-- shouldAnswerWithTrue -->
      </class> <!-- TestOrg.ProjectOne.AppTest -->
    </test> <!-- Test -->
  </suite> <!-- Suite -->
</testng-results>
