<?xml version="1.0" encoding="UTF-8"?>
<!-- Generated by org.testng.reporters.JUnitReportReporter -->
<testsuite hostname="DESKTOP-BUGKGO7" failures="0" tests="3" name="TestOrg.ProjectOne.DataProviderClass" time="0.014" errors="0" timestamp="2026-04-10T22:04:00 IST" skipped="0">
  <testcase classname="TestOrg.ProjectOne.DataProviderClass" name="printData" time="0.001"/>
  <testcase classname="TestOrg.ProjectOne.DataProviderClass" name="printData" time="0.011"/>
  <testcase classname="TestOrg.ProjectOne.DataProviderClass" name="printData" time="0.002"/>
</testsuite> <!-- TestOrg.ProjectOne.DataProviderClass -->
