<?xml version="1.0" encoding="UTF-8"?>
<!-- Generated by org.testng.reporters.JUnitReportReporter -->
<testsuite hostname="DESKTOP-BUGKGO7" failures="0" tests="2" name="TestOrg.ProjectOne.PatternLogic" time="0.013" errors="0" timestamp="2026-04-10T23:28:28 IST" skipped="0">
  <testcase classname="TestOrg.ProjectOne.PatternLogic" name="diamondPattern" time="0.012"/>
  <testcase classname="TestOrg.ProjectOne.PatternLogic" name="righTrianglePattern" time="0.001"/>
</testsuite> <!-- TestOrg.ProjectOne.PatternLogic -->
